<?xml version="1.0" encoding="UTF-8"?>
<testsuite name="com.advantageonlineshop.advantagedemosuite.runners.SignIn" tests="0" skipped="0" failures="0" errors="0" timestamp="1970-01-01T00:00:00" hostname="LAPTOP-NFM24RP9" time="0.0">
  <properties/>
  <system-out><![CDATA[
?[31mFailed scenarios:?[0m
?[31msrc/test/resources/features/signIn.feature:8 ?[0m# AdvantageDemo Platform Sign in

1 Scenarios (?[31m1 failed?[0m)
4 Steps (?[31m1 failed?[0m, ?[36m1 skipped?[0m, ?[32m2 passed?[0m)
0m19,767s

java.lang.NullPointerException
	at com.advantageonlineshop.advantagedemosuite.utils.UserData.Username(UserData.java:16)
	at com.advantageonlineshop.advantagedemosuite.stepdefinitions.SignIn.iFillAllTheRequiredFields(SignIn.java:52)
	at ?.I fill all the required fields(src/test/resources/features/signIn.feature:11)

]]></system-out>
  <system-err><![CDATA[SLF4J: Failed to load class "org.slf4j.impl.StaticLoggerBinder".
SLF4J: Defaulting to no-operation (NOP) logger implementation
SLF4J: See http://www.slf4j.org/codes.html#StaticLoggerBinder for further details.
]]></system-err>
</testsuite>
