<?xml version="1.0" encoding="UTF-8"?>
<testsuite name="User Sign In" tests="1" skipped="0" failures="1" errors="0" timestamp="2020-07-20T00:56:45" hostname="LAPTOP-NFM24RP9" time="18.834">
  <properties/>
  <testcase name="AdvantageDemo Platform Sign in" classname="User Sign In" time="18.834">
    <failure message="java.lang.NullPointerException" type="java.lang.NullPointerException">java.lang.NullPointerException
	at com.advantageonlineshop.advantagedemosuite.utils.UserData.Username(UserData.java:16)
	at com.advantageonlineshop.advantagedemosuite.stepdefinitions.SignIn.iFillAllTheRequiredFields(SignIn.java:52)
	at ✽.I fill all the required fields(src/test/resources/features/signIn.feature:11)
</failure>
  </testcase>
  <system-out><![CDATA[













]]></system-out>
  <system-err><![CDATA[jul 19, 2020 7:56:45 PM org.openqa.selenium.remote.DesiredCapabilities chrome
INFORMACIÓN: Using `new ChromeOptions()` is preferred to `DesiredCapabilities.chrome()`
Starting ChromeDriver 83.0.4103.39 (ccbf011cb2d2b19b506d844400483861342c20cd-refs/branch-heads/4103@{#416}) on port 15759
Only local connections are allowed.
Please see https://chromedriver.chromium.org/security-considerations for suggestions on keeping ChromeDriver safe.
ChromeDriver was started successfully.
[1595206609.831][WARNING]: This version of ChromeDriver has not been tested with Chrome version 84.
jul 19, 2020 7:56:51 PM org.openqa.selenium.remote.ProtocolHandshake createSession
INFORMACIÓN: Detected dialect: W3C
]]></system-err>
</testsuite>
