<?xml version="1.0" encoding="UTF-8"?>
<testsuite name="com.advantageonlineshop.advantagedemosuite.runners.SignIn" tests="0" skipped="0" failures="0" errors="0" timestamp="1970-01-01T00:00:00" hostname="LAPTOP-LRP8D2FO" time="0.0">
  <properties/>
  <system-out><![CDATA[
?[31mFailed scenarios:?[0m
?[31msrc/test/resources/features/signIn.feature:8 ?[0m# AdvantageDemo Platform Sign in

1 Scenarios (?[31m1 failed?[0m)
4 Steps (?[31m1 failed?[0m, ?[36m2 skipped?[0m, ?[32m1 passed?[0m)
0m15.494s

java.lang.AssertionError: no such window: target window already closed
from unknown error: web view not found
  (Session info: chrome=84.0.4147.105)
Build info: version: '3.141.59', revision: 'e82be7d358', time: '2018-11-14T08:17:03'
System info: host: 'LAPTOP-LRP8D2FO', ip: '192.168.1.10', os.name: 'Windows 10', os.arch: 'amd64', os.version: '10.0', java.version: '1.8.0_251'
Driver info: org.openqa.selenium.remote.RemoteWebDriver
Capabilities {acceptInsecureCerts: false, browserName: chrome, browserVersion: 84.0.4147.105, chrome: {chromedriverVersion: 83.0.4103.39 (ccbf011cb2d2b..., userDataDir: C:\Users\DANIEL~1\AppData\L...}, goog:chromeOptions: {debuggerAddress: localhost:50921}, javascriptEnabled: true, networkConnectionEnabled: false, pageLoadStrategy: normal, platform: WINDOWS, platformName: WINDOWS, proxy: Proxy(), setWindowRect: true, strictFileInteractability: false, timeouts: {implicit: 0, pageLoad: 300000, script: 30000}, unhandledPromptBehavior: dismiss and notify, webauthn:virtualAuthenticators: true}
Session ID: b64f6f90ffce4a665c9636d993a42e56
*** Element info: {Using=id, value=menuUserLink}
	at net.serenitybdd.screenplay.ErrorTally.throwSummaryExceptionFrom(ErrorTally.java:36)
	at net.serenitybdd.screenplay.ErrorTally.reportAnyErrors(ErrorTally.java:30)
	at net.serenitybdd.screenplay.Actor.should(Actor.java:291)
	at net.serenitybdd.screenplay.waits.WaitUntilTargetIsReady.performAs(WaitUntilTargetIsReady.java:27)
	at net.serenitybdd.screenplay.waits.WaitUntilTargetIsReady$$EnhancerByCGLIB$$ee0d67ad.CGLIB$performAs$1(<generated>)
	at net.serenitybdd.screenplay.waits.WaitUntilTargetIsReady$$EnhancerByCGLIB$$ee0d67ad$$FastClassByCGLIB$$748b1083.invoke(<generated>)
	at net.sf.cglib.proxy.MethodProxy.invokeSuper(MethodProxy.java:228)
	at net.thucydides.core.steps.StepInterceptor.invokeMethod(StepInterceptor.java:478)
	at net.thucydides.core.steps.StepInterceptor.runBaseObjectMethod(StepInterceptor.java:381)
	at net.thucydides.core.steps.StepInterceptor.intercept(StepInterceptor.java:70)
	at net.serenitybdd.screenplay.waits.WaitUntilTargetIsReady$$EnhancerByCGLIB$$ee0d67ad.performAs(<generated>)
	at net.serenitybdd.screenplay.Actor.performTask(Actor.java:223)
	at net.serenitybdd.screenplay.Actor.perform(Actor.java:204)
	at net.serenitybdd.screenplay.Actor.performSilently(Actor.java:184)
	at net.serenitybdd.screenplay.Actor.attemptsTo(Actor.java:157)
	at net.serenitybdd.screenplay.Actor.wasAbleTo(Actor.java:148)
	at com.advantageonlineshop.advantagedemosuite.stepdefinitions.SignIn.accessToSignInForm(SignIn.java:53)
	at ?.access to Sign In form(src/test/resources/features/signIn.feature:10)

]]></system-out>
  <system-err><![CDATA[SLF4J: Failed to load class "org.slf4j.impl.StaticLoggerBinder".
SLF4J: Defaulting to no-operation (NOP) logger implementation
SLF4J: See http://www.slf4j.org/codes.html#StaticLoggerBinder for further details.
]]></system-err>
</testsuite>
