<?xml version="1.0" encoding="UTF-8"?>
<testsuite name="User Sign In" tests="1" skipped="0" failures="0" errors="0" timestamp="2020-08-10T14:08:01" hostname="LAPTOP-LRP8D2FO" time="12.232">
  <properties/>
  <testcase name="AdvantageDemo Platform Sign in" classname="User Sign In" time="12.232"/>
  <system-out><![CDATA[










10
10
10
10
10
10
10



]]></system-out>
  <system-err><![CDATA[Aug 10, 2020 9:08:02 AM org.openqa.selenium.remote.DesiredCapabilities chrome
INFO: Using `new ChromeOptions()` is preferred to `DesiredCapabilities.chrome()`
Starting ChromeDriver 83.0.4103.39 (ccbf011cb2d2b19b506d844400483861342c20cd-refs/branch-heads/4103@{#416}) on port 40297
Only local connections are allowed.
Please see https://chromedriver.chromium.org/security-considerations for suggestions on keeping ChromeDriver safe.
ChromeDriver was started successfully.
[1597068484.059][WARNING]: This version of ChromeDriver has not been tested with Chrome version 84.
Aug 10, 2020 9:08:06 AM org.openqa.selenium.remote.ProtocolHandshake createSession
INFO: Detected dialect: W3C
]]></system-err>
</testsuite>
