<?xml version="1.0" encoding="UTF-8"?>
<testsuite name="com.advantageonlineshop.advantagedemosuite.runners.Login" tests="0" skipped="0" failures="0" errors="0" timestamp="1970-01-01T00:00:00" hostname="LAPTOP-NFM24RP9" time="0.0">
  <properties/>
  <system-out><![CDATA[
1 Scenarios (?[33m1 undefined?[0m)
4 Steps (?[33m4 undefined?[0m)
0m2,321s


You can implement missing steps with the snippets below:


@Given("^that user get to AdvantageDemo shopping page$")
public void thatUserGetToAdvantageDemoShoppingPage() throws Exception {
    // Write code here that turns the phrase above into concrete actions
    throw new PendingException();
}

@Given("^access to Sign In form$")
public void accessToSignInForm() throws Exception {
    // Write code here that turns the phrase above into concrete actions
    throw new PendingException();
}

@When("^I fill all the required fields$")
public void iFillAllTheRequiredFields() throws Exception {
    // Write code here that turns the phrase above into concrete actions
    throw new PendingException();
}

@Then("^I should be successfully logged on$")
public void iShouldBeSuccessfullyLoggedOn() throws Exception {
    // Write code here that turns the phrase above into concrete actions
    throw new PendingException();
}

]]></system-out>
  <system-err><![CDATA[SLF4J: Failed to load class "org.slf4j.impl.StaticLoggerBinder".
SLF4J: Defaulting to no-operation (NOP) logger implementation
SLF4J: See http://www.slf4j.org/codes.html#StaticLoggerBinder for further details.
]]></system-err>
</testsuite>
